{"/Users/patrickkopp/Source/mdc-light/src/modules/Config/index.ts": {"path":"/Users/patrickkopp/Source/mdc-light/src/modules/Config/index.ts","statementMap":{"0":{"start":{"line":1,"column":0},"end":{"line":1,"column":20}},"1":{"start":{"line":2,"column":0},"end":{"line":2,"column":24}},"2":{"start":{"line":19,"column":9},"end":{"line":23,"column":4}},"3":{"start":{"line":24,"column":9},"end":{"line":28,"column":4}},"4":{"start":{"line":31,"column":4},"end":{"line":31,"column":77}},"5":{"start":{"line":32,"column":4},"end":{"line":32,"column":62}},"6":{"start":{"line":38,"column":23},"end":{"line":38,"column":49}},"7":{"start":{"line":39,"column":4},"end":{"line":41,"column":null}},"8":{"start":{"line":40,"column":6},"end":{"line":40,"column":62}},"9":{"start":{"line":43,"column":23},"end":{"line":43,"column":74}},"10":{"start":{"line":44,"column":4},"end":{"line":46,"column":null}},"11":{"start":{"line":45,"column":6},"end":{"line":45,"column":74}},"12":{"start":{"line":48,"column":19},"end":{"line":48,"column":66}},"13":{"start":{"line":49,"column":4},"end":{"line":49,"column":49}},"14":{"start":{"line":58,"column":4},"end":{"line":58,"column":68}},"15":{"start":{"line":67,"column":4},"end":{"line":67,"column":39}},"16":{"start":{"line":67,"column":25},"end":{"line":67,"column":39}},"17":{"start":{"line":68,"column":19},"end":{"line":68,"column":34}},"18":{"start":{"line":70,"column":4},"end":{"line":79,"column":null}},"19":{"start":{"line":71,"column":6},"end":{"line":78,"column":null}},"20":{"start":{"line":72,"column":8},"end":{"line":77,"column":null}},"21":{"start":{"line":73,"column":10},"end":{"line":73,"column":65}},"22":{"start":{"line":73,"column":28},"end":{"line":73,"column":65}},"23":{"start":{"line":74,"column":10},"end":{"line":74,"column":51}},"24":{"start":{"line":76,"column":10},"end":{"line":76,"column":56}},"25":{"start":{"line":81,"column":4},"end":{"line":81,"column":46}},"26":{"start":{"line":85,"column":0},"end":{"line":85,"column":22}}},"fnMap":{"0":{"name":"(anonymous_1)","decl":{"start":{"line":30,"column":2},"end":{"line":30,"column":null}},"loc":{"start":{"line":30,"column":2},"end":{"line":35,"column":3}}},"1":{"name":"(anonymous_2)","decl":{"start":{"line":37,"column":10},"end":{"line":37,"column":20}},"loc":{"start":{"line":37,"column":59},"end":{"line":50,"column":3}}},"2":{"name":"(anonymous_3)","decl":{"start":{"line":57,"column":10},"end":{"line":57,"column":18}},"loc":{"start":{"line":57,"column":23},"end":{"line":59,"column":3}}},"3":{"name":"(anonymous_4)","decl":{"start":{"line":66,"column":10},"end":{"line":66,"column":19}},"loc":{"start":{"line":66,"column":38},"end":{"line":82,"column":3}}}},"branchMap":{"0":{"loc":{"start":{"line":39,"column":4},"end":{"line":41,"column":null}},"type":"if","locations":[{"start":{"line":39,"column":4},"end":{"line":41,"column":null}},{"start":{"line":39,"column":4},"end":{"line":41,"column":null}}]},"1":{"loc":{"start":{"line":44,"column":4},"end":{"line":46,"column":null}},"type":"if","locations":[{"start":{"line":44,"column":4},"end":{"line":46,"column":null}},{"start":{"line":44,"column":4},"end":{"line":46,"column":null}}]},"2":{"loc":{"start":{"line":58,"column":11},"end":{"line":58,"column":15}},"type":"binary-expr","locations":[{"start":{"line":58,"column":11},"end":{"line":58,"column":15}},{"start":{"line":58,"column":19},"end":{"line":58,"column":43}},{"start":{"line":58,"column":47},"end":{"line":58,"column":67}}]},"3":{"loc":{"start":{"line":67,"column":4},"end":{"line":67,"column":39}},"type":"if","locations":[{"start":{"line":67,"column":4},"end":{"line":67,"column":39}},{"start":{"line":67,"column":4},"end":{"line":67,"column":39}}]},"4":{"loc":{"start":{"line":70,"column":4},"end":{"line":79,"column":null}},"type":"if","locations":[{"start":{"line":70,"column":4},"end":{"line":79,"column":null}},{"start":{"line":70,"column":4},"end":{"line":79,"column":null}}]},"5":{"loc":{"start":{"line":70,"column":8},"end":{"line":70,"column":29}},"type":"binary-expr","locations":[{"start":{"line":70,"column":8},"end":{"line":70,"column":29}},{"start":{"line":70,"column":33},"end":{"line":70,"column":54}}]},"6":{"loc":{"start":{"line":72,"column":8},"end":{"line":77,"column":null}},"type":"if","locations":[{"start":{"line":72,"column":8},"end":{"line":77,"column":null}},{"start":{"line":72,"column":8},"end":{"line":77,"column":null}}]},"7":{"loc":{"start":{"line":73,"column":10},"end":{"line":73,"column":65}},"type":"if","locations":[{"start":{"line":73,"column":10},"end":{"line":73,"column":65}},{"start":{"line":73,"column":10},"end":{"line":73,"column":65}}]}},"s":{"0":1,"1":1,"2":2,"3":2,"4":2,"5":2,"6":4,"7":4,"8":0,"9":4,"10":4,"11":0,"12":4,"13":4,"14":24,"15":16,"16":8,"17":8,"18":8,"19":8,"20":8,"21":4,"22":0,"23":4,"24":4,"25":8,"26":1},"f":{"0":2,"1":4,"2":24,"3":16},"b":{"0":[0,4],"1":[0,4],"2":[24,24,20],"3":[8,8],"4":[8,0],"5":[8,8],"6":[4,4],"7":[0,4]}}
,"/Users/patrickkopp/Source/mdc-light/src/modules/MTCAdapter/DataItem.ts": {"path":"/Users/patrickkopp/Source/mdc-light/src/modules/MTCAdapter/DataItem.ts","statementMap":{"0":{"start":{"line":1,"column":20},"end":{"line":1,"column":33}},"1":{"start":{"line":5,"column":12},"end":{"line":5,"column":50}},"2":{"start":{"line":6,"column":12},"end":{"line":6,"column":28}},"3":{"start":{"line":7,"column":12},"end":{"line":7,"column":29}},"4":{"start":{"line":8,"column":12},"end":{"line":8,"column":33}},"5":{"start":{"line":11,"column":4},"end":{"line":11,"column":22}},"6":{"start":{"line":15,"column":4},"end":{"line":15,"column":23}},"7":{"start":{"line":19,"column":4},"end":{"line":22,"column":null}},"8":{"start":{"line":20,"column":6},"end":{"line":20,"column":27}},"9":{"start":{"line":21,"column":6},"end":{"line":21,"column":22}},"10":{"start":{"line":26,"column":4},"end":{"line":26,"column":30}},"11":{"start":{"line":30,"column":4},"end":{"line":30,"column":39}},"12":{"start":{"line":34,"column":4},"end":{"line":34,"column":25}},"13":{"start":{"line":38,"column":4},"end":{"line":38,"column":25}},"14":{"start":{"line":42,"column":4},"end":{"line":42,"column":25}},"15":{"start":{"line":46,"column":4},"end":{"line":47,"column":74}},"16":{"start":{"line":46,"column":37},"end":{"line":46,"column":75}},"17":{"start":{"line":47,"column":9},"end":{"line":47,"column":74}},"18":{"start":{"line":54,"column":4},"end":{"line":54,"column":26}},"19":{"start":{"line":58,"column":29},"end":{"line":58,"column":31}},"20":{"start":{"line":59,"column":4},"end":{"line":61,"column":null}},"21":{"start":{"line":60,"column":6},"end":{"line":60,"column":22}},"22":{"start":{"line":63,"column":4},"end":{"line":63,"column":16}},"23":{"start":{"line":3,"column":0},"end":{"line":3,"column":13}},"24":{"start":{"line":67,"column":0},"end":{"line":67,"column":13}}},"fnMap":{"0":{"name":"(anonymous_0)","decl":{"start":{"line":10,"column":2},"end":{"line":10,"column":14}},"loc":{"start":{"line":10,"column":26},"end":{"line":12,"column":3}}},"1":{"name":"(anonymous_1)","decl":{"start":{"line":14,"column":2},"end":{"line":14,"column":13}},"loc":{"start":{"line":14,"column":18},"end":{"line":16,"column":3}}},"2":{"name":"(anonymous_2)","decl":{"start":{"line":18,"column":2},"end":{"line":18,"column":13}},"loc":{"start":{"line":18,"column":37},"end":{"line":23,"column":3}}},"3":{"name":"(anonymous_3)","decl":{"start":{"line":25,"column":9},"end":{"line":25,"column":20}},"loc":{"start":{"line":25,"column":20},"end":{"line":27,"column":3}}},"4":{"name":"(anonymous_4)","decl":{"start":{"line":29,"column":2},"end":{"line":29,"column":13}},"loc":{"start":{"line":29,"column":26},"end":{"line":31,"column":3}}},"5":{"name":"(anonymous_5)","decl":{"start":{"line":33,"column":2},"end":{"line":33,"column":13}},"loc":{"start":{"line":33,"column":20},"end":{"line":35,"column":3}}},"6":{"name":"(anonymous_6)","decl":{"start":{"line":37,"column":2},"end":{"line":37,"column":13}},"loc":{"start":{"line":37,"column":20},"end":{"line":39,"column":3}}},"7":{"name":"(anonymous_7)","decl":{"start":{"line":41,"column":9},"end":{"line":41,"column":21}},"loc":{"start":{"line":41,"column":21},"end":{"line":43,"column":3}}},"8":{"name":"(anonymous_8)","decl":{"start":{"line":45,"column":9},"end":{"line":45,"column":17}},"loc":{"start":{"line":45,"column":17},"end":{"line":48,"column":3}}},"9":{"name":"(anonymous_9)","decl":{"start":{"line":50,"column":9},"end":{"line":50,"column":14}},"loc":{"start":{"line":50,"column":14},"end":{"line":50,"column":25}}},"10":{"name":"(anonymous_10)","decl":{"start":{"line":51,"column":9},"end":{"line":51,"column":16}},"loc":{"start":{"line":51,"column":16},"end":{"line":51,"column":27}}},"11":{"name":"(anonymous_11)","decl":{"start":{"line":53,"column":9},"end":{"line":53,"column":16}},"loc":{"start":{"line":53,"column":16},"end":{"line":55,"column":3}}},"12":{"name":"(anonymous_12)","decl":{"start":{"line":57,"column":9},"end":{"line":57,"column":17}},"loc":{"start":{"line":57,"column":29},"end":{"line":64,"column":3}}}},"branchMap":{"0":{"loc":{"start":{"line":19,"column":4},"end":{"line":22,"column":null}},"type":"if","locations":[{"start":{"line":19,"column":4},"end":{"line":22,"column":null}},{"start":{"line":19,"column":4},"end":{"line":22,"column":null}}]},"1":{"loc":{"start":{"line":46,"column":4},"end":{"line":47,"column":74}},"type":"if","locations":[{"start":{"line":46,"column":4},"end":{"line":47,"column":74}},{"start":{"line":46,"column":4},"end":{"line":47,"column":74}}]},"2":{"loc":{"start":{"line":57,"column":24},"end":{"line":57,"column":29}},"type":"default-arg","locations":[{"start":{"line":57,"column":24},"end":{"line":57,"column":29}}]},"3":{"loc":{"start":{"line":59,"column":4},"end":{"line":61,"column":null}},"type":"if","locations":[{"start":{"line":59,"column":4},"end":{"line":61,"column":null}},{"start":{"line":59,"column":4},"end":{"line":61,"column":null}}]},"4":{"loc":{"start":{"line":59,"column":8},"end":{"line":59,"column":11}},"type":"binary-expr","locations":[{"start":{"line":59,"column":8},"end":{"line":59,"column":11}},{"start":{"line":59,"column":15},"end":{"line":59,"column":28}}]}},"s":{"0":2,"1":5,"2":5,"3":5,"4":5,"5":5,"6":1,"7":3,"8":3,"9":3,"10":1,"11":2,"12":1,"13":3,"14":1,"15":4,"16":4,"17":0,"18":1,"19":7,"20":7,"21":6,"22":7,"23":2,"24":2},"f":{"0":5,"1":1,"2":3,"3":1,"4":2,"5":1,"6":3,"7":1,"8":4,"9":0,"10":0,"11":1,"12":7},"b":{"0":[3,0],"1":[4,0],"2":[3],"3":[6,1],"4":[7,3]}}
,"/Users/patrickkopp/Source/mdc-light/src/modules/MTCAdapter/index.ts": {"path":"/Users/patrickkopp/Source/mdc-light/src/modules/MTCAdapter/index.ts","statementMap":{"0":{"start":{"line":1,"column":0},"end":{"line":1,"column":22}},"1":{"start":{"line":2,"column":0},"end":{"line":2,"column":30}},"2":{"start":{"line":3,"column":0},"end":{"line":3,"column":36}},"3":{"start":{"line":5,"column":0},"end":{"line":5,"column":34}},"4":{"start":{"line":13,"column":10},"end":{"line":13,"column":26}},"5":{"start":{"line":15,"column":10},"end":{"line":15,"column":33}},"6":{"start":{"line":17,"column":10},"end":{"line":17,"column":37}},"7":{"start":{"line":21,"column":4},"end":{"line":21,"column":49}},"8":{"start":{"line":25,"column":27},"end":{"line":25,"column":34}},"9":{"start":{"line":26,"column":4},"end":{"line":26,"column":25}},"10":{"start":{"line":28,"column":4},"end":{"line":28,"column":62}},"11":{"start":{"line":29,"column":4},"end":{"line":29,"column":30}},"12":{"start":{"line":30,"column":4},"end":{"line":30,"column":63}},"13":{"start":{"line":31,"column":4},"end":{"line":31,"column":33}},"14":{"start":{"line":33,"column":4},"end":{"line":33,"column":27}},"15":{"start":{"line":37,"column":4},"end":{"line":37,"column":31}},"16":{"start":{"line":38,"column":4},"end":{"line":42,"column":7}},"17":{"start":{"line":39,"column":6},"end":{"line":39,"column":43}},"18":{"start":{"line":40,"column":6},"end":{"line":40,"column":68}},"19":{"start":{"line":40,"column":48},"end":{"line":40,"column":66}},"20":{"start":{"line":41,"column":6},"end":{"line":41,"column":65}},"21":{"start":{"line":43,"column":4},"end":{"line":48,"column":7}},"22":{"start":{"line":44,"column":6},"end":{"line":44,"column":40}},"23":{"start":{"line":45,"column":6},"end":{"line":45,"column":23}},"24":{"start":{"line":46,"column":6},"end":{"line":46,"column":68}},"25":{"start":{"line":46,"column":48},"end":{"line":46,"column":66}},"26":{"start":{"line":47,"column":6},"end":{"line":47,"column":65}},"27":{"start":{"line":49,"column":4},"end":{"line":51,"column":7}},"28":{"start":{"line":50,"column":6},"end":{"line":50,"column":33}},"29":{"start":{"line":55,"column":4},"end":{"line":55,"column":44}},"30":{"start":{"line":57,"column":4},"end":{"line":60,"column":null}},"31":{"start":{"line":58,"column":6},"end":{"line":58,"column":47}},"32":{"start":{"line":59,"column":6},"end":{"line":59,"column":77}},"33":{"start":{"line":64,"column":17},"end":{"line":64,"column":37}},"34":{"start":{"line":65,"column":19},"end":{"line":65,"column":49}},"35":{"start":{"line":66,"column":20},"end":{"line":66,"column":45}},"36":{"start":{"line":68,"column":4},"end":{"line":68,"column":73}},"37":{"start":{"line":72,"column":31},"end":{"line":72,"column":33}},"38":{"start":{"line":73,"column":31},"end":{"line":73,"column":33}},"39":{"start":{"line":75,"column":4},"end":{"line":82,"column":null}},"40":{"start":{"line":76,"column":19},"end":{"line":76,"column":37}},"41":{"start":{"line":77,"column":6},"end":{"line":81,"column":null}},"42":{"start":{"line":78,"column":8},"end":{"line":78,"column":42}},"43":{"start":{"line":80,"column":8},"end":{"line":80,"column":42}},"44":{"start":{"line":84,"column":4},"end":{"line":87,"column":6}},"45":{"start":{"line":91,"column":25},"end":{"line":91,"column":48}},"46":{"start":{"line":93,"column":4},"end":{"line":101,"column":null}},"47":{"start":{"line":94,"column":17},"end":{"line":94,"column":46}},"48":{"start":{"line":96,"column":6},"end":{"line":96,"column":65}},"49":{"start":{"line":96,"column":35},"end":{"line":96,"column":65}},"50":{"start":{"line":97,"column":6},"end":{"line":97,"column":19}},"51":{"start":{"line":99,"column":6},"end":{"line":99,"column":48}},"52":{"start":{"line":100,"column":6},"end":{"line":100,"column":25}},"53":{"start":{"line":107,"column":4},"end":{"line":109,"column":null}},"54":{"start":{"line":107,"column":40},"end":{"line":107,"column":54}},"55":{"start":{"line":108,"column":6},"end":{"line":108,"column":32}},"56":{"start":{"line":113,"column":4},"end":{"line":113,"column":24}},"57":{"start":{"line":117,"column":4},"end":{"line":117,"column":70}},"58":{"start":{"line":117,"column":54},"end":{"line":117,"column":68}},"59":{"start":{"line":121,"column":25},"end":{"line":121,"column":48}},"60":{"start":{"line":122,"column":4},"end":{"line":133,"column":null}},"61":{"start":{"line":123,"column":17},"end":{"line":123,"column":46}},"62":{"start":{"line":125,"column":6},"end":{"line":125,"column":65}},"63":{"start":{"line":125,"column":35},"end":{"line":125,"column":65}},"64":{"start":{"line":126,"column":6},"end":{"line":126,"column":19}},"65":{"start":{"line":128,"column":6},"end":{"line":128,"column":48}},"66":{"start":{"line":130,"column":6},"end":{"line":132,"column":null}},"67":{"start":{"line":131,"column":8},"end":{"line":131,"column":27}},"68":{"start":{"line":139,"column":4},"end":{"line":148,"column":null}},"69":{"start":{"line":140,"column":6},"end":{"line":140,"column":39}},"70":{"start":{"line":141,"column":6},"end":{"line":141,"column":51}},"71":{"start":{"line":143,"column":6},"end":{"line":143,"column":69}},"72":{"start":{"line":145,"column":6},"end":{"line":147,"column":8}},"73":{"start":{"line":150,"column":4},"end":{"line":150,"column":24}},"74":{"start":{"line":154,"column":4},"end":{"line":160,"column":null}},"75":{"start":{"line":155,"column":6},"end":{"line":159,"column":9}},"76":{"start":{"line":156,"column":8},"end":{"line":158,"column":11}},"77":{"start":{"line":157,"column":10},"end":{"line":157,"column":20}},"78":{"start":{"line":162,"column":4},"end":{"line":162,"column":25}},"79":{"start":{"line":163,"column":4},"end":{"line":163,"column":11}},"80":{"start":{"line":167,"column":0},"end":{"line":167,"column":26}}},"fnMap":{"0":{"name":"(anonymous_1)","decl":{"start":{"line":20,"column":2},"end":{"line":20,"column":14}},"loc":{"start":{"line":20,"column":28},"end":{"line":22,"column":3}}},"1":{"name":"(anonymous_2)","decl":{"start":{"line":24,"column":10},"end":{"line":24,"column":26}},"loc":{"start":{"line":24,"column":46},"end":{"line":34,"column":3}}},"2":{"name":"(anonymous_3)","decl":{"start":{"line":36,"column":10},"end":{"line":36,"column":25}},"loc":{"start":{"line":36,"column":40},"end":{"line":52,"column":3}}},"3":{"name":"(anonymous_4)","decl":{"start":{"line":38,"column":21},"end":{"line":38,"column":24}},"loc":{"start":{"line":38,"column":26},"end":{"line":42,"column":5}}},"4":{"name":"(anonymous_5)","decl":{"start":{"line":40,"column":41},"end":{"line":40,"column":42}},"loc":{"start":{"line":40,"column":48},"end":{"line":40,"column":66}}},"5":{"name":"(anonymous_6)","decl":{"start":{"line":43,"column":40},"end":{"line":43,"column":43}},"loc":{"start":{"line":43,"column":45},"end":{"line":48,"column":5}}},"6":{"name":"(anonymous_7)","decl":{"start":{"line":46,"column":41},"end":{"line":46,"column":42}},"loc":{"start":{"line":46,"column":48},"end":{"line":46,"column":66}}},"7":{"name":"(anonymous_8)","decl":{"start":{"line":49,"column":22},"end":{"line":49,"column":23}},"loc":{"start":{"line":49,"column":39},"end":{"line":51,"column":5}}},"8":{"name":"(anonymous_9)","decl":{"start":{"line":54,"column":10},"end":{"line":54,"column":17}},"loc":{"start":{"line":54,"column":50},"end":{"line":61,"column":3}}},"9":{"name":"(anonymous_10)","decl":{"start":{"line":63,"column":10},"end":{"line":63,"column":32}},"loc":{"start":{"line":63,"column":32},"end":{"line":69,"column":3}}},"10":{"name":"(anonymous_11)","decl":{"start":{"line":71,"column":10},"end":{"line":71,"column":22}},"loc":{"start":{"line":71,"column":43},"end":{"line":88,"column":3}}},"11":{"name":"(anonymous_12)","decl":{"start":{"line":90,"column":10},"end":{"line":90,"column":19}},"loc":{"start":{"line":90,"column":34},"end":{"line":104,"column":3}}},"12":{"name":"(anonymous_13)","decl":{"start":{"line":106,"column":9},"end":{"line":106,"column":20}},"loc":{"start":{"line":106,"column":35},"end":{"line":110,"column":3}}},"13":{"name":"(anonymous_14)","decl":{"start":{"line":107,"column":29},"end":{"line":107,"column":30}},"loc":{"start":{"line":107,"column":40},"end":{"line":107,"column":54}}},"14":{"name":"(anonymous_15)","decl":{"start":{"line":112,"column":9},"end":{"line":112,"column":26}},"loc":{"start":{"line":112,"column":26},"end":{"line":114,"column":3}}},"15":{"name":"(anonymous_16)","decl":{"start":{"line":116,"column":9},"end":{"line":116,"column":23}},"loc":{"start":{"line":116,"column":38},"end":{"line":118,"column":3}}},"16":{"name":"(anonymous_17)","decl":{"start":{"line":117,"column":43},"end":{"line":117,"column":44}},"loc":{"start":{"line":117,"column":54},"end":{"line":117,"column":68}}},"17":{"name":"(anonymous_18)","decl":{"start":{"line":120,"column":9},"end":{"line":120,"column":20}},"loc":{"start":{"line":120,"column":20},"end":{"line":136,"column":3}}},"18":{"name":"(anonymous_19)","decl":{"start":{"line":138,"column":9},"end":{"line":138,"column":14}},"loc":{"start":{"line":138,"column":14},"end":{"line":151,"column":3}}},"19":{"name":"(anonymous_20)","decl":{"start":{"line":153,"column":9},"end":{"line":153,"column":14}},"loc":{"start":{"line":153,"column":19},"end":{"line":164,"column":3}}},"20":{"name":"(anonymous_21)","decl":{"start":{"line":155,"column":25},"end":{"line":155,"column":26}},"loc":{"start":{"line":155,"column":37},"end":{"line":159,"column":7}}},"21":{"name":"(anonymous_22)","decl":{"start":{"line":156,"column":26},"end":{"line":156,"column":29}},"loc":{"start":{"line":156,"column":31},"end":{"line":158,"column":9}}}},"branchMap":{"0":{"loc":{"start":{"line":57,"column":4},"end":{"line":60,"column":null}},"type":"if","locations":[{"start":{"line":57,"column":4},"end":{"line":60,"column":null}},{"start":{"line":57,"column":4},"end":{"line":60,"column":null}}]},"1":{"loc":{"start":{"line":71,"column":38},"end":{"line":71,"column":43}},"type":"default-arg","locations":[{"start":{"line":71,"column":38},"end":{"line":71,"column":43}}]},"2":{"loc":{"start":{"line":77,"column":6},"end":{"line":81,"column":null}},"type":"if","locations":[{"start":{"line":77,"column":6},"end":{"line":81,"column":null}},{"start":{"line":77,"column":6},"end":{"line":81,"column":null}}]},"3":{"loc":{"start":{"line":93,"column":4},"end":{"line":101,"column":null}},"type":"if","locations":[{"start":{"line":93,"column":4},"end":{"line":101,"column":null}},{"start":{"line":93,"column":4},"end":{"line":101,"column":null}}]},"4":{"loc":{"start":{"line":107,"column":4},"end":{"line":109,"column":null}},"type":"if","locations":[{"start":{"line":107,"column":4},"end":{"line":109,"column":null}},{"start":{"line":107,"column":4},"end":{"line":109,"column":null}}]},"5":{"loc":{"start":{"line":122,"column":4},"end":{"line":133,"column":null}},"type":"if","locations":[{"start":{"line":122,"column":4},"end":{"line":133,"column":null}},{"start":{"line":122,"column":4},"end":{"line":133,"column":null}}]},"6":{"loc":{"start":{"line":139,"column":4},"end":{"line":148,"column":null}},"type":"if","locations":[{"start":{"line":139,"column":4},"end":{"line":148,"column":null}},{"start":{"line":139,"column":4},"end":{"line":148,"column":null}}]},"7":{"loc":{"start":{"line":154,"column":4},"end":{"line":160,"column":null}},"type":"if","locations":[{"start":{"line":154,"column":4},"end":{"line":160,"column":null}},{"start":{"line":154,"column":4},"end":{"line":160,"column":null}}]}},"s":{"0":1,"1":1,"2":1,"3":1,"4":2,"5":2,"6":2,"7":2,"8":2,"9":2,"10":2,"11":2,"12":2,"13":2,"14":2,"15":2,"16":2,"17":2,"18":2,"19":2,"20":2,"21":2,"22":0,"23":0,"24":0,"25":0,"26":0,"27":2,"28":0,"29":0,"30":0,"31":0,"32":0,"33":3,"34":3,"35":3,"36":3,"37":3,"38":3,"39":3,"40":3,"41":3,"42":0,"43":3,"44":3,"45":2,"46":2,"47":2,"48":2,"49":2,"50":2,"51":2,"52":2,"53":2,"54":0,"55":2,"56":0,"57":0,"58":0,"59":1,"60":1,"61":1,"62":1,"63":1,"64":1,"65":1,"66":1,"67":1,"68":2,"69":2,"70":2,"71":2,"72":2,"73":2,"74":4,"75":4,"76":4,"77":4,"78":0,"79":0,"80":1},"f":{"0":2,"1":2,"2":2,"3":2,"4":2,"5":0,"6":0,"7":0,"8":0,"9":3,"10":3,"11":2,"12":2,"13":0,"14":0,"15":0,"16":0,"17":1,"18":2,"19":4,"20":4,"21":4},"b":{"0":[0,0],"1":[0],"2":[0,3],"3":[2,0],"4":[2,0],"5":[1,0],"6":[2,0],"7":[4,0]}}
}
