TN:
SF:src/modules/Config/index.ts
FN:30,(anonymous_1)
FN:37,(anonymous_2)
FN:57,(anonymous_3)
FN:66,(anonymous_4)
FNF:4
FNH:4
FNDA:2,(anonymous_1)
FNDA:4,(anonymous_2)
FNDA:24,(anonymous_3)
FNDA:16,(anonymous_4)
DA:1,1
DA:2,1
DA:19,2
DA:24,2
DA:31,2
DA:32,2
DA:38,4
DA:39,4
DA:40,0
DA:43,4
DA:44,4
DA:45,0
DA:48,4
DA:49,4
DA:58,24
DA:67,16
DA:68,8
DA:70,8
DA:71,8
DA:72,8
DA:73,4
DA:74,4
DA:76,4
DA:81,8
DA:85,1
LF:25
LH:23
BRDA:39,0,0,0
BRDA:39,0,1,4
BRDA:44,1,0,0
BRDA:44,1,1,4
BRDA:58,2,0,24
BRDA:58,2,1,24
BRDA:58,2,2,20
BRDA:67,3,0,8
BRDA:67,3,1,8
BRDA:70,4,0,8
BRDA:70,4,1,0
BRDA:70,5,0,8
BRDA:70,5,1,8
BRDA:72,6,0,4
BRDA:72,6,1,4
BRDA:73,7,0,0
BRDA:73,7,1,4
BRF:17
BRH:13
end_of_record
TN:
SF:src/modules/MTCAdapter/DataItem.ts
FN:10,(anonymous_0)
FN:14,(anonymous_1)
FN:18,(anonymous_2)
FN:25,(anonymous_3)
FN:29,(anonymous_4)
FN:33,(anonymous_5)
FN:37,(anonymous_6)
FN:41,(anonymous_7)
FN:45,(anonymous_8)
FN:50,(anonymous_9)
FN:51,(anonymous_10)
FN:53,(anonymous_11)
FN:57,(anonymous_12)
FNF:13
FNH:11
FNDA:5,(anonymous_0)
FNDA:1,(anonymous_1)
FNDA:3,(anonymous_2)
FNDA:1,(anonymous_3)
FNDA:2,(anonymous_4)
FNDA:1,(anonymous_5)
FNDA:3,(anonymous_6)
FNDA:1,(anonymous_7)
FNDA:4,(anonymous_8)
FNDA:0,(anonymous_9)
FNDA:0,(anonymous_10)
FNDA:1,(anonymous_11)
FNDA:7,(anonymous_12)
DA:1,2
DA:3,2
DA:5,5
DA:6,5
DA:7,5
DA:8,5
DA:11,5
DA:15,1
DA:19,3
DA:20,3
DA:21,3
DA:26,1
DA:30,2
DA:34,1
DA:38,3
DA:42,1
DA:46,4
DA:47,0
DA:54,1
DA:58,7
DA:59,7
DA:60,6
DA:63,7
DA:67,2
LF:24
LH:23
BRDA:19,0,0,3
BRDA:19,0,1,0
BRDA:46,1,0,4
BRDA:46,1,1,0
BRDA:57,2,0,3
BRDA:59,3,0,6
BRDA:59,3,1,1
BRDA:59,4,0,7
BRDA:59,4,1,3
BRF:9
BRH:7
end_of_record
TN:
SF:src/modules/MTCAdapter/index.ts
FN:20,(anonymous_1)
FN:24,(anonymous_2)
FN:36,(anonymous_3)
FN:38,(anonymous_4)
FN:40,(anonymous_5)
FN:43,(anonymous_6)
FN:46,(anonymous_7)
FN:49,(anonymous_8)
FN:54,(anonymous_9)
FN:63,(anonymous_10)
FN:71,(anonymous_11)
FN:90,(anonymous_12)
FN:106,(anonymous_13)
FN:107,(anonymous_14)
FN:112,(anonymous_15)
FN:116,(anonymous_16)
FN:117,(anonymous_17)
FN:120,(anonymous_18)
FN:138,(anonymous_19)
FN:153,(anonymous_20)
FN:155,(anonymous_21)
FN:156,(anonymous_22)
FNF:22
FNH:14
FNDA:2,(anonymous_1)
FNDA:2,(anonymous_2)
FNDA:2,(anonymous_3)
FNDA:2,(anonymous_4)
FNDA:2,(anonymous_5)
FNDA:0,(anonymous_6)
FNDA:0,(anonymous_7)
FNDA:0,(anonymous_8)
FNDA:0,(anonymous_9)
FNDA:3,(anonymous_10)
FNDA:3,(anonymous_11)
FNDA:2,(anonymous_12)
FNDA:2,(anonymous_13)
FNDA:0,(anonymous_14)
FNDA:0,(anonymous_15)
FNDA:0,(anonymous_16)
FNDA:0,(anonymous_17)
FNDA:1,(anonymous_18)
FNDA:2,(anonymous_19)
FNDA:4,(anonymous_20)
FNDA:4,(anonymous_21)
FNDA:4,(anonymous_22)
DA:1,1
DA:2,1
DA:3,1
DA:5,1
DA:13,2
DA:15,2
DA:17,2
DA:21,2
DA:25,2
DA:26,2
DA:28,2
DA:29,2
DA:30,2
DA:31,2
DA:33,2
DA:37,2
DA:38,2
DA:39,2
DA:40,2
DA:41,2
DA:43,2
DA:44,0
DA:45,0
DA:46,0
DA:47,0
DA:49,2
DA:50,0
DA:55,0
DA:57,0
DA:58,0
DA:59,0
DA:64,3
DA:65,3
DA:66,3
DA:68,3
DA:72,3
DA:73,3
DA:75,3
DA:76,3
DA:77,3
DA:78,0
DA:80,3
DA:84,3
DA:91,2
DA:93,2
DA:94,2
DA:96,2
DA:97,2
DA:99,2
DA:100,2
DA:107,2
DA:108,2
DA:113,0
DA:117,0
DA:121,1
DA:122,1
DA:123,1
DA:125,1
DA:126,1
DA:128,1
DA:130,1
DA:131,1
DA:139,2
DA:140,2
DA:141,2
DA:143,2
DA:145,2
DA:150,2
DA:154,4
DA:155,4
DA:156,4
DA:157,4
DA:162,0
DA:163,0
DA:167,1
LF:75
LH:61
BRDA:57,0,0,0
BRDA:57,0,1,0
BRDA:71,1,0,0
BRDA:77,2,0,0
BRDA:77,2,1,3
BRDA:93,3,0,2
BRDA:93,3,1,0
BRDA:107,4,0,2
BRDA:107,4,1,0
BRDA:122,5,0,1
BRDA:122,5,1,0
BRDA:139,6,0,2
BRDA:139,6,1,0
BRDA:154,7,0,4
BRDA:154,7,1,0
BRF:15
BRH:6
end_of_record
